<?xml version="1.0" encoding="UTF-8"?>
<!-- Generated by org.testng.reporters.JUnitReportReporter -->
<testsuite hostname="SAGAR" failures="0" tests="10" name="com.TestNGinWebDr.CreateProject" time="38.457" errors="0" timestamp="2022-09-16T17:20:39 IST" skipped="0">
  <testcase classname="com.TestNGinWebDr.CreateProject" name="closeapplication" time="2.514"/>
  <system-out/>
  <testcase classname="com.TestNGinWebDr.CreateProject" name="LaunchBrowser" time="1.812"/>
  <system-out/>
  <testcase classname="com.TestNGinWebDr.CreateProject" name="navigate" time="6.592"/>
  <system-out/>
  <testcase classname="com.TestNGinWebDr.CreateProject" name="login" time="2.442"/>
  <system-out/>
  <testcase classname="com.TestNGinWebDr.CreateProject" name="minimizeflyoutwindow" time="2.111"/>
  <system-out/>
  <testcase classname="com.TestNGinWebDr.CreateProject" name="createcustomer" time="13.319"/>
  <system-out/>
  <testcase classname="com.TestNGinWebDr.CreateProject" name="createproject" time="1.160"/>
  <system-out/>
  <testcase classname="com.TestNGinWebDr.CreateProject" name="deleteproject" time="1.129"/>
  <system-out/>
  <testcase classname="com.TestNGinWebDr.CreateProject" name="deletecustomer" time="4.982"/>
  <system-out/>
  <testcase classname="com.TestNGinWebDr.CreateProject" name="logout" time="2.396"/>
  <system-out/>
</testsuite> <!-- com.TestNGinWebDr.CreateProject -->
