<?xml version="1.0" encoding="UTF-8"?>
<!-- Generated by org.testng.reporters.JUnitReportReporter -->
<testsuite hostname="SAGAR" failures="0" tests="9" name="com.TestNGinWebDr.ModifyCustomer" time="83.760" errors="0" timestamp="2022-09-16T17:20:39 IST" skipped="0">
  <testcase classname="com.TestNGinWebDr.ModifyCustomer" name="closeapplication" time="2.307"/>
  <system-out/>
  <testcase classname="com.TestNGinWebDr.ModifyCustomer" name="LaunchBrowser" time="1.949"/>
  <system-out/>
  <testcase classname="com.TestNGinWebDr.ModifyCustomer" name="navigate" time="16.888"/>
  <system-out/>
  <testcase classname="com.TestNGinWebDr.ModifyCustomer" name="login" time="10.468"/>
  <system-out/>
  <testcase classname="com.TestNGinWebDr.ModifyCustomer" name="minimizeflyoutwindow" time="10.414"/>
  <system-out/>
  <testcase classname="com.TestNGinWebDr.ModifyCustomer" name="createcustomer" time="10.432"/>
  <system-out/>
  <testcase classname="com.TestNGinWebDr.ModifyCustomer" name="modifycustomer" time="10.439"/>
  <system-out/>
  <testcase classname="com.TestNGinWebDr.ModifyCustomer" name="deletecustomer" time="10.420"/>
  <system-out/>
  <testcase classname="com.TestNGinWebDr.ModifyCustomer" name="logout" time="10.443"/>
  <system-out/>
</testsuite> <!-- com.TestNGinWebDr.ModifyCustomer -->
