<?xml version="1.0" encoding="UTF-8"?>
<!-- Generated by org.testng.reporters.JUnitReportReporter -->
<testsuite hostname="SAGAR" failures="0" tests="11" name="com.TestNGinWebDr.ModifyProject" time="69.701" errors="0" timestamp="2022-09-16T17:20:39 IST" skipped="0">
  <testcase classname="com.TestNGinWebDr.ModifyProject" name="closeapplication" time="2.456"/>
  <system-out/>
  <testcase classname="com.TestNGinWebDr.ModifyProject" name="LaunchBrowser" time="1.572"/>
  <system-out/>
  <testcase classname="com.TestNGinWebDr.ModifyProject" name="navigate" time="6.049"/>
  <system-out/>
  <testcase classname="com.TestNGinWebDr.ModifyProject" name="login" time="2.307"/>
  <system-out/>
  <testcase classname="com.TestNGinWebDr.ModifyProject" name="minimizeflyoutwindow" time="2.103"/>
  <system-out/>
  <testcase classname="com.TestNGinWebDr.ModifyProject" name="createcustomer" time="13.451"/>
  <system-out/>
  <testcase classname="com.TestNGinWebDr.ModifyProject" name="createproject" time="10.698"/>
  <system-out/>
  <testcase classname="com.TestNGinWebDr.ModifyProject" name="modifyproject" time="6.610"/>
  <system-out/>
  <testcase classname="com.TestNGinWebDr.ModifyProject" name="deleteproject" time="11.543"/>
  <system-out/>
  <testcase classname="com.TestNGinWebDr.ModifyProject" name="deletecustomer" time="10.551"/>
  <system-out/>
  <testcase classname="com.TestNGinWebDr.ModifyProject" name="logout" time="2.361"/>
  <system-out/>
</testsuite> <!-- com.TestNGinWebDr.ModifyProject -->
