<?xml version="1.0" encoding="UTF-8"?>
<!-- Generated by org.testng.reporters.JUnitReportReporter -->
<testsuite hostname="SAGAR" failures="0" tests="9" name="com.TestNGinWebDr.ModifyUserTestNG" time="60.977" errors="0" timestamp="2022-09-16T17:20:39 IST" skipped="0">
  <testcase classname="com.TestNGinWebDr.ModifyUserTestNG" name="closeapplication" time="2.436"/>
  <system-out/>
  <testcase classname="com.TestNGinWebDr.ModifyUserTestNG" name="LaunchBrowser" time="1.459"/>
  <system-out/>
  <testcase classname="com.TestNGinWebDr.ModifyUserTestNG" name="navigate" time="6.527"/>
  <system-out/>
  <testcase classname="com.TestNGinWebDr.ModifyUserTestNG" name="login" time="2.362"/>
  <system-out/>
  <testcase classname="com.TestNGinWebDr.ModifyUserTestNG" name="minimizeflyoutwindow" time="2.091"/>
  <system-out/>
  <testcase classname="com.TestNGinWebDr.ModifyUserTestNG" name="createuser" time="23.855"/>
  <system-out/>
  <testcase classname="com.TestNGinWebDr.ModifyUserTestNG" name="modifycustomer" time="13.638"/>
  <system-out/>
  <testcase classname="com.TestNGinWebDr.ModifyUserTestNG" name="deleteuser" time="6.254"/>
  <system-out/>
  <testcase classname="com.TestNGinWebDr.ModifyUserTestNG" name="logout" time="2.355"/>
  <system-out/>
</testsuite> <!-- com.TestNGinWebDr.ModifyUserTestNG -->
