<?xml version="1.0" encoding="UTF-8"?>
<!-- Generated by org.testng.reporters.JUnitReportReporter -->
<testsuite hostname="SAGAR" failures="0" tests="11" name="com.TestNGinWebDr.CreateDeleteTASK" time="51.500" errors="0" timestamp="2022-09-16T17:20:39 IST" skipped="0">
  <testcase classname="com.TestNGinWebDr.CreateDeleteTASK" name="closeapplication" time="2.686"/>
  <system-out/>
  <testcase classname="com.TestNGinWebDr.CreateDeleteTASK" name="LaunchBrowser" time="4.575"/>
  <system-out/>
  <testcase classname="com.TestNGinWebDr.CreateDeleteTASK" name="navigate" time="7.097"/>
  <system-out/>
  <testcase classname="com.TestNGinWebDr.CreateDeleteTASK" name="login" time="2.328"/>
  <system-out/>
  <testcase classname="com.TestNGinWebDr.CreateDeleteTASK" name="minimizeflyoutwindow" time="2.104"/>
  <system-out/>
  <testcase classname="com.TestNGinWebDr.CreateDeleteTASK" name="createcustomer" time="9.038"/>
  <system-out/>
  <testcase classname="com.TestNGinWebDr.CreateDeleteTASK" name="createproject" time="1.201"/>
  <system-out/>
  <testcase classname="com.TestNGinWebDr.CreateDeleteTASK" name="createtask" time="12.834"/>
  <system-out/>
  <testcase classname="com.TestNGinWebDr.CreateDeleteTASK" name="deleteproject" time="1.174"/>
  <system-out/>
  <testcase classname="com.TestNGinWebDr.CreateDeleteTASK" name="deletecustomer" time="5.985"/>
  <system-out/>
  <testcase classname="com.TestNGinWebDr.CreateDeleteTASK" name="logout" time="2.478"/>
  <system-out/>
</testsuite> <!-- com.TestNGinWebDr.CreateDeleteTASK -->
