<?xml version="1.0" encoding="UTF-8"?>
<!-- Generated by org.testng.reporters.JUnitReportReporter -->
<testsuite hostname="SAGAR" failures="0" tests="8" name="com.TestNGinWebDr.CreayeCustomer" time="31.494" errors="0" timestamp="2022-09-16T17:20:39 IST" skipped="0">
  <testcase classname="com.TestNGinWebDr.CreayeCustomer" name="closeapplication" time="2.561"/>
  <system-out/>
  <testcase classname="com.TestNGinWebDr.CreayeCustomer" name="LaunchBrowser" time="1.756"/>
  <system-out/>
  <testcase classname="com.TestNGinWebDr.CreayeCustomer" name="navigate" time="5.995"/>
  <system-out/>
  <testcase classname="com.TestNGinWebDr.CreayeCustomer" name="login" time="2.301"/>
  <system-out/>
  <testcase classname="com.TestNGinWebDr.CreayeCustomer" name="minimizeflyoutwindow" time="2.103"/>
  <system-out/>
  <testcase classname="com.TestNGinWebDr.CreayeCustomer" name="createcustomer" time="14.463"/>
  <system-out/>
  <testcase classname="com.TestNGinWebDr.CreayeCustomer" name="deletecustomer" time="1.177"/>
  <system-out/>
  <testcase classname="com.TestNGinWebDr.CreayeCustomer" name="logout" time="1.138"/>
  <system-out/>
</testsuite> <!-- com.TestNGinWebDr.CreayeCustomer -->
