<?xml version="1.0" encoding="UTF-8"?>
<!-- Generated by org.testng.reporters.JUnitReportReporter -->
<testsuite hostname="SAGAR" failures="0" tests="8" name="com.TestNGinWebDr.CreateUserTestNG" time="36.709" errors="0" timestamp="2022-09-16T17:20:39 IST" skipped="0">
  <testcase classname="com.TestNGinWebDr.CreateUserTestNG" name="closeapplication" time="2.442"/>
  <system-out/>
  <testcase classname="com.TestNGinWebDr.CreateUserTestNG" name="LaunchBrowser" time="1.682"/>
  <system-out/>
  <testcase classname="com.TestNGinWebDr.CreateUserTestNG" name="navigate" time="6.032"/>
  <system-out/>
  <testcase classname="com.TestNGinWebDr.CreateUserTestNG" name="login" time="2.325"/>
  <system-out/>
  <testcase classname="com.TestNGinWebDr.CreateUserTestNG" name="minimizeflyoutwindow" time="2.103"/>
  <system-out/>
  <testcase classname="com.TestNGinWebDr.CreateUserTestNG" name="createuser" time="13.193"/>
  <system-out/>
  <testcase classname="com.TestNGinWebDr.CreateUserTestNG" name="deleteuser" time="6.273"/>
  <system-out/>
  <testcase classname="com.TestNGinWebDr.CreateUserTestNG" name="logout" time="2.659"/>
  <system-out/>
</testsuite> <!-- com.TestNGinWebDr.CreateUserTestNG -->
